Compiling the CXX compiler identification source file "CMakeCXXCompilerId.cpp" failed.
Compiler: /Library/Developer/CommandLineTools/usr/bin/c++ 
Build flags: 
Id flags:  

The output was:
1
ld: library not found for -lc++
clang: error: linker command failed with exit code 1 (use -v to see invocation)


Performing C++ SOURCE FILE Test CXXFLAG_WCAST_ALIGN_STRICT_OKAY failed with the following output:
Change Dir: /Users/yinjiacheng/Library/Mobile Documents/com~apple~CloudDocs/Desktop/College/CS211/hw05/cmake-build-debug/CMakeFiles/CMakeTmp

Run Build Command(s):/usr/bin/make -f Makefile cmTC_5bba3/fast && /Library/Developer/CommandLineTools/usr/bin/make  -f CMakeFiles/cmTC_5bba3.dir/build.make CMakeFiles/cmTC_5bba3.dir/build
Building CXX object CMakeFiles/cmTC_5bba3.dir/src.cxx.o
/Library/Developer/CommandLineTools/usr/bin/c++ -DCXXFLAG_WCAST_ALIGN_STRICT_OKAY  -isysroot /Library/Developer/CommandLineTools/SDKs/MacOSX12.3.sdk   -Wcast-align=strict -MD -MT CMakeFiles/cmTC_5bba3.dir/src.cxx.o -MF CMakeFiles/cmTC_5bba3.dir/src.cxx.o.d -o CMakeFiles/cmTC_5bba3.dir/src.cxx.o -c "/Users/yinjiacheng/Library/Mobile Documents/com~apple~CloudDocs/Desktop/College/CS211/hw05/cmake-build-debug/CMakeFiles/CMakeTmp/src.cxx"
warning: unknown warning option '-Wcast-align=strict'; did you mean '-Wcast-align'? [-Wunknown-warning-option]
1 warning generated.
Linking CXX executable cmTC_5bba3
/Applications/CLion.app/Contents/bin/cmake/mac/bin/cmake -E cmake_link_script CMakeFiles/cmTC_5bba3.dir/link.txt --verbose=1
/Library/Developer/CommandLineTools/usr/bin/c++  -isysroot /Library/Developer/CommandLineTools/SDKs/MacOSX12.3.sdk -Wl,-search_paths_first -Wl,-headerpad_max_install_names CMakeFiles/cmTC_5bba3.dir/src.cxx.o -o cmTC_5bba3 


Source file was:
int main() { return 0; }
Performing C++ SOURCE FILE Test CXXFLAG_WERROR_BOOL_COMPARE_OKAY failed with the following output:
Change Dir: /Users/yinjiacheng/Library/Mobile Documents/com~apple~CloudDocs/Desktop/College/CS211/hw05/cmake-build-debug/CMakeFiles/CMakeTmp

Run Build Command(s):/usr/bin/make -f Makefile cmTC_0fa7a/fast && /Library/Developer/CommandLineTools/usr/bin/make  -f CMakeFiles/cmTC_0fa7a.dir/build.make CMakeFiles/cmTC_0fa7a.dir/build
Building CXX object CMakeFiles/cmTC_0fa7a.dir/src.cxx.o
/Library/Developer/CommandLineTools/usr/bin/c++ -DCXXFLAG_WERROR_BOOL_COMPARE_OKAY  -isysroot /Library/Developer/CommandLineTools/SDKs/MacOSX12.3.sdk   -Werror=bool-compare -MD -MT CMakeFiles/cmTC_0fa7a.dir/src.cxx.o -MF CMakeFiles/cmTC_0fa7a.dir/src.cxx.o.d -o CMakeFiles/cmTC_0fa7a.dir/src.cxx.o -c "/Users/yinjiacheng/Library/Mobile Documents/com~apple~CloudDocs/Desktop/College/CS211/hw05/cmake-build-debug/CMakeFiles/CMakeTmp/src.cxx"
warning: unknown warning option '-Werror=bool-compare' [-Wunknown-warning-option]
1 warning generated.
Linking CXX executable cmTC_0fa7a
/Applications/CLion.app/Contents/bin/cmake/mac/bin/cmake -E cmake_link_script CMakeFiles/cmTC_0fa7a.dir/link.txt --verbose=1
/Library/Developer/CommandLineTools/usr/bin/c++  -isysroot /Library/Developer/CommandLineTools/SDKs/MacOSX12.3.sdk -Wl,-search_paths_first -Wl,-headerpad_max_install_names CMakeFiles/cmTC_0fa7a.dir/src.cxx.o -o cmTC_0fa7a 


Source file was:
int main() { return 0; }
